TI ARM Assembler PC v16.9.0 Thu Feb 16 13:27:07 2017

Tools Copyright (c) 1996-2015 Texas Instruments Incorporated
../demoapp/source/misc.asm                                           PAGE    1

       1                    ;/*******************************************************************************
       2                    ;**+--------------------------------------------------------------------------+**
       3                    ;**|                            ****                                          |**
       4                    ;**|                            ****                                          |**
       5                    ;**|                            ******o***                                    |**
       6                    ;**|                      ********_///_****                                   |**
       7                    ;**|                      ***** /_//_/ ****                                   |**
       8                    ;**|                       ** ** (__/ ****                                    |**
       9                    ;**|                           *********                                      |**
      10                    ;**|                            ****                                          |**
      11                    ;**|                            ***                                           |**
      12                    ;**|                                                                          |**
      13                    ;**|         Copyright (c) 2012 Texas Instruments Incorporated                |**
      14                    ;**|                        ALL RIGHTS RESERVED                               |**
      15                    ;**|                                                                          |**
      16                    ;**| Permission is hereby granted to licensees of Texas Instruments           |**
      17                    ;**| Incorporated (TI) products to use this computer program for the sole     |**
      18                    ;**| purpose of implementing a licensee product based on TI products.         |**
      19                    ;**| No other rights to reproduce, use, or disseminate this computer          |**
      20                    ;**| program, whether in part or in whole, are granted.                       |**
      21                    ;**|                                                                          |**
      22                    ;**| TI makes no representation or warranties with respect to the             |**
      23                    ;**| performance of this computer program, and specifically disclaims         |**
      24                    ;**| any responsibility for any damages, special or consequential,            |**
      25                    ;**| connected with the use of this program.                                  |**
      26                    ;**|                                                                          |**
      27                    ;**+--------------------------------------------------------------------------+**
      28                    ;*******************************************************************************/
      29                    ;/**
      30                    ; * @file        misc
      31                    ; * @version     0.0.1
      32                    ; * @brief       misc functions needed for testing
      33                    ; *
      34                    ; * @notes              1. All functions are redirected to test_sl section
      35                    ; *
      36                    ; * <\todo Detailed description goes here>
      37                    ; */
      38                    .text
      39                    .arm
      40                    
      41                    
      42                                    .def    _svc
      43                            .asmfunc
      44 00000000           _svc
      45 00000000 E92D5000                  stmfd   sp!, {r12,lr}
      46 00000004 E55EC001                  ldrb    r12, [lr, #-1]
      47 00000008 E59FE008                  ldr             r14,  table
      48 0000000c E79EC10C                  ldr     r12, [r14, r12, lsl #2]
      49 00000010 E12FFF3C                  blx     r12
      50 00000014 E8FD9000                  ldmfd   sp!, {r12,pc}^
      51                    
      52 00000018           table
      53 00000018 00000000!                 .word   jumpTable
      54                    
      55 0000001c           jumpTable
TI ARM Assembler PC v16.9.0 Thu Feb 16 13:27:07 2017

Tools Copyright (c) 1996-2015 Texas Instruments Incorporated
../demoapp/source/misc.asm                                           PAGE    2

      56 0000001c 00000000!                 .word   swiGetCurrentMode               ; 0
      57 00000020 00000000!                 .word   swiSwitchToMode                 ; 1
      58                    
      59                            .endasmfunc
      60                    
      61                    ;-------------------------------------------------------------------------------
      62                    
      63                            .asmfunc
      64                    
      65 00000024           swiGetCurrentMode
      66 00000024 E14FC000                  mrs             r12, spsr
      67 00000028 E21C001F                  ands    r0, r12, #0x1F          ; return value
      68 0000002c E12FFF1E                  bx              r14
      69                    
      70                                    .endasmfunc
      71                    
      72                    ;-------------------------------------------------------------------------------
      73                    
      74                            .asmfunc
      75                    
      76 00000030           swiSwitchToMode
      77 00000030 E14FC000                  mrs             r12, spsr
      78 00000034 E3CCC01F                  bic             r12, r12, #0x1F
      79 00000038 E18CC000                  orr             r12, r12, r0
      80 0000003c E161F00C                  msr             spsr_c, r12
      81 00000040 E12FFF1E                  bx              r14
      82                    
      83                                    .endasmfunc
      84                    
      85                    ;-------------------------------------------------------------------------------
      86                    
      87                    
      88                    
      89                    

No Assembly Errors, No Assembly Warnings
